2018-12-28T03:06:37.620Z - info: Website generation started at 11:06:37
2018-12-28T03:06:39.390Z - info: Building assets...
2018-12-28T03:06:40.742Z - info: Assets built
2018-12-28T03:06:40.742Z - info: Generating pages...
2018-12-28T03:06:40.933Z - info: Pages built
2018-12-28T03:06:40.949Z - info: Site data built
2018-12-28T03:06:40.950Z - info: Website generation complete! Total build time: 3.332s
2018-12-28T03:06:40.956Z - info: Generate Site durationMs=3339
2018-12-28T03:06:41.176Z - info: Serving "D:\GitHub\yamgent\se-book\_site" at http://127.0.0.1:8080
2018-12-28T03:06:41.178Z - info: Press CTRL+C to stop ...
2018-12-28T03:12:57.352Z - info: Deployed!
2018-12-28T03:29:19.240Z - info: Website generation started at 11:29:18
2018-12-28T03:29:20.985Z - info: Building assets...
2018-12-28T03:29:22.437Z - info: Assets built
2018-12-28T03:29:22.438Z - info: Generating pages...
2018-12-28T03:29:27.543Z - error:  Error: Path given 'D:\GitHub\yamgent\book\designFundamentals\abstraction\what\unit-inElsewhere-asFlat.md' is not in root 'D:\GitHub\yamgent\se-book'
Error while preprocessing 'D:\GitHub\yamgent\se-book\modeling\index.md'
    at calculateNewBaseUrls (D:\GitHub\yamgent\markbind\src\lib\markbind\src\parser.js:43:11)
    at calculateBoilerplateFilePath (D:\GitHub\yamgent\markbind\src\lib\markbind\src\parser.js:62:32)
    at Parser._preprocess (D:\GitHub\yamgent\markbind\src\lib\markbind\src\parser.js:136:24)
    at element.children.element.children.map.e (D:\GitHub\yamgent\markbind\src\lib\markbind\src\parser.js:260:57)
    at Array.map (<anonymous>)
    at Parser._preprocess (D:\GitHub\yamgent\markbind\src\lib\markbind\src\parser.js:260:43)
    at element.children.element.children.map.e (D:\GitHub\yamgent\markbind\src\lib\markbind\src\parser.js:245:57)
    at Array.map (<anonymous>)
    at Parser._preprocess (D:\GitHub\yamgent\markbind\src\lib\markbind\src\parser.js:245:43)
    at element.children.element.children.map.e (D:\GitHub\yamgent\markbind\src\lib\markbind\src\parser.js:260:57)
    at Array.map (<anonymous>)
    at Parser._preprocess (D:\GitHub\yamgent\markbind\src\lib\markbind\src\parser.js:260:43)
    at element.children.element.children.map.e (D:\GitHub\yamgent\markbind\src\lib\markbind\src\parser.js:260:57)
    at Array.map (<anonymous>)
    at Parser._preprocess (D:\GitHub\yamgent\markbind\src\lib\markbind\src\parser.js:260:43)
    at element.children.element.children.map.e (D:\GitHub\yamgent\markbind\src\lib\markbind\src\parser.js:245:57)
2018-12-28T03:29:27.552Z - error:  Error: No such file: D:\GitHub\yamgent\book\architecture\architectureDiagrams\reading\text.md
Missing reference in D:\GitHub\yamgent\se-book\modeling\introduction\how\text.md
    at Parser._preprocess (D:\GitHub\yamgent\markbind\src\lib\markbind\src\parser.js:145:21)
    at element.children.element.children.map.e (D:\GitHub\yamgent\markbind\src\lib\markbind\src\parser.js:260:57)
    at Array.map (<anonymous>)
    at Parser._preprocess (D:\GitHub\yamgent\markbind\src\lib\markbind\src\parser.js:260:43)
    at element.children.element.children.map.e (D:\GitHub\yamgent\markbind\src\lib\markbind\src\parser.js:245:57)
    at Array.map (<anonymous>)
    at Parser._preprocess (D:\GitHub\yamgent\markbind\src\lib\markbind\src\parser.js:245:43)
    at element.children.element.children.map.e (D:\GitHub\yamgent\markbind\src\lib\markbind\src\parser.js:260:57)
    at Array.map (<anonymous>)
    at Parser._preprocess (D:\GitHub\yamgent\markbind\src\lib\markbind\src\parser.js:260:43)
    at element.children.element.children.map.e (D:\GitHub\yamgent\markbind\src\lib\markbind\src\parser.js:260:57)
    at Array.map (<anonymous>)
    at Parser._preprocess (D:\GitHub\yamgent\markbind\src\lib\markbind\src\parser.js:260:43)
    at element.children.element.children.map.e (D:\GitHub\yamgent\markbind\src\lib\markbind\src\parser.js:245:57)
    at Array.map (<anonymous>)
    at Parser._preprocess (D:\GitHub\yamgent\markbind\src\lib\markbind\src\parser.js:245:43)
2018-12-28T03:29:27.564Z - error:  Error: Path given 'D:\GitHub\yamgent\book\designFundamentals\abstraction\what\unit-inElsewhere-asFlat.md' is not in root 'D:\GitHub\yamgent\se-book'
Error while preprocessing 'D:\GitHub\yamgent\se-book\modeling\introduction\index.md'
    at calculateNewBaseUrls (D:\GitHub\yamgent\markbind\src\lib\markbind\src\parser.js:43:11)
    at calculateBoilerplateFilePath (D:\GitHub\yamgent\markbind\src\lib\markbind\src\parser.js:62:32)
    at Parser._preprocess (D:\GitHub\yamgent\markbind\src\lib\markbind\src\parser.js:136:24)
    at element.children.element.children.map.e (D:\GitHub\yamgent\markbind\src\lib\markbind\src\parser.js:260:57)
    at Array.map (<anonymous>)
    at Parser._preprocess (D:\GitHub\yamgent\markbind\src\lib\markbind\src\parser.js:260:43)
    at element.children.element.children.map.e (D:\GitHub\yamgent\markbind\src\lib\markbind\src\parser.js:245:57)
    at Array.map (<anonymous>)
    at Parser._preprocess (D:\GitHub\yamgent\markbind\src\lib\markbind\src\parser.js:245:43)
    at element.children.element.children.map.e (D:\GitHub\yamgent\markbind\src\lib\markbind\src\parser.js:260:57)
    at Array.map (<anonymous>)
    at Parser._preprocess (D:\GitHub\yamgent\markbind\src\lib\markbind\src\parser.js:260:43)
    at element.children.element.children.map.e (D:\GitHub\yamgent\markbind\src\lib\markbind\src\parser.js:260:57)
    at Array.map (<anonymous>)
    at Parser._preprocess (D:\GitHub\yamgent\markbind\src\lib\markbind\src\parser.js:260:43)
    at element.children.element.children.map.e (D:\GitHub\yamgent\markbind\src\lib\markbind\src\parser.js:245:57)
2018-12-28T03:29:27.574Z - error:  Error: Path given 'D:\GitHub\yamgent\book\designFundamentals\abstraction\what\unit-inElsewhere-asFlat.md' is not in root 'D:\GitHub\yamgent\se-book'
Error while preprocessing 'D:\GitHub\yamgent\se-book\modeling\introduction\what\index.md'
    at calculateNewBaseUrls (D:\GitHub\yamgent\markbind\src\lib\markbind\src\parser.js:43:11)
    at calculateBoilerplateFilePath (D:\GitHub\yamgent\markbind\src\lib\markbind\src\parser.js:62:32)
    at Parser._preprocess (D:\GitHub\yamgent\markbind\src\lib\markbind\src\parser.js:136:24)
    at element.children.element.children.map.e (D:\GitHub\yamgent\markbind\src\lib\markbind\src\parser.js:260:57)
    at Array.map (<anonymous>)
    at Parser._preprocess (D:\GitHub\yamgent\markbind\src\lib\markbind\src\parser.js:260:43)
    at element.children.element.children.map.e (D:\GitHub\yamgent\markbind\src\lib\markbind\src\parser.js:245:57)
    at Array.map (<anonymous>)
    at Parser._preprocess (D:\GitHub\yamgent\markbind\src\lib\markbind\src\parser.js:245:43)
    at element.children.element.children.map.e (D:\GitHub\yamgent\markbind\src\lib\markbind\src\parser.js:260:57)
    at Array.map (<anonymous>)
    at Parser._preprocess (D:\GitHub\yamgent\markbind\src\lib\markbind\src\parser.js:260:43)
    at element.children.element.children.map.e (D:\GitHub\yamgent\markbind\src\lib\markbind\src\parser.js:260:57)
    at Array.map (<anonymous>)
    at Parser._preprocess (D:\GitHub\yamgent\markbind\src\lib\markbind\src\parser.js:260:43)
    at element.children.element.children.map.e (D:\GitHub\yamgent\markbind\src\lib\markbind\src\parser.js:245:57)
2018-12-28T03:29:27.828Z - error:  Error: Path given 'D:\GitHub\yamgent\book\uml\notes\notes\unit-inElsewhere-asFlat.md' is not in root 'D:\GitHub\yamgent\se-book'
Error while preprocessing 'D:\GitHub\yamgent\se-book\modeling\modelingStructures\addingMoreInfo\index.md'
    at calculateNewBaseUrls (D:\GitHub\yamgent\markbind\src\lib\markbind\src\parser.js:43:11)
    at calculateBoilerplateFilePath (D:\GitHub\yamgent\markbind\src\lib\markbind\src\parser.js:62:32)
    at Parser._preprocess (D:\GitHub\yamgent\markbind\src\lib\markbind\src\parser.js:136:24)
    at element.children.element.children.map.e (D:\GitHub\yamgent\markbind\src\lib\markbind\src\parser.js:245:57)
    at Array.map (<anonymous>)
    at Parser._preprocess (D:\GitHub\yamgent\markbind\src\lib\markbind\src\parser.js:245:43)
    at element.children.element.children.map.e (D:\GitHub\yamgent\markbind\src\lib\markbind\src\parser.js:260:57)
    at Array.map (<anonymous>)
    at Parser._preprocess (D:\GitHub\yamgent\markbind\src\lib\markbind\src\parser.js:260:43)
    at element.children.element.children.map.e (D:\GitHub\yamgent\markbind\src\lib\markbind\src\parser.js:260:57)
    at Array.map (<anonymous>)
    at Parser._preprocess (D:\GitHub\yamgent\markbind\src\lib\markbind\src\parser.js:260:43)
    at element.children.element.children.map.e (D:\GitHub\yamgent\markbind\src\lib\markbind\src\parser.js:245:57)
    at Array.map (<anonymous>)
    at Parser._preprocess (D:\GitHub\yamgent\markbind\src\lib\markbind\src\parser.js:245:43)
    at element.children.element.children.map.e (D:\GitHub\yamgent\markbind\src\lib\markbind\src\parser.js:260:57)
2018-12-28T03:29:27.840Z - error:  Error: Path given 'D:\GitHub\yamgent\book\uml\classDiagrams\associations\labels\unit-inElsewhere-asFlat.md' is not in root 'D:\GitHub\yamgent\se-book'
Error while preprocessing 'D:\GitHub\yamgent\se-book\modeling\modelingStructures\classDiagramsBasic\index.md'
    at calculateNewBaseUrls (D:\GitHub\yamgent\markbind\src\lib\markbind\src\parser.js:43:11)
    at calculateBoilerplateFilePath (D:\GitHub\yamgent\markbind\src\lib\markbind\src\parser.js:62:32)
    at Parser._preprocess (D:\GitHub\yamgent\markbind\src\lib\markbind\src\parser.js:136:24)
    at element.children.element.children.map.e (D:\GitHub\yamgent\markbind\src\lib\markbind\src\parser.js:245:57)
    at Array.map (<anonymous>)
    at Parser._preprocess (D:\GitHub\yamgent\markbind\src\lib\markbind\src\parser.js:245:43)
    at element.children.element.children.map.e (D:\GitHub\yamgent\markbind\src\lib\markbind\src\parser.js:260:57)
    at Array.map (<anonymous>)
    at Parser._preprocess (D:\GitHub\yamgent\markbind\src\lib\markbind\src\parser.js:260:43)
    at element.children.element.children.map.e (D:\GitHub\yamgent\markbind\src\lib\markbind\src\parser.js:260:57)
    at Array.map (<anonymous>)
    at Parser._preprocess (D:\GitHub\yamgent\markbind\src\lib\markbind\src\parser.js:260:43)
    at element.children.element.children.map.e (D:\GitHub\yamgent\markbind\src\lib\markbind\src\parser.js:245:57)
    at Array.map (<anonymous>)
    at Parser._preprocess (D:\GitHub\yamgent\markbind\src\lib\markbind\src\parser.js:245:43)
    at element.children.element.children.map.e (D:\GitHub\yamgent\markbind\src\lib\markbind\src\parser.js:260:57)
2018-12-28T03:29:27.848Z - error:  Error: Path given 'D:\GitHub\yamgent\book\uml\classDiagrams\associationClasses\what\unit-inElsewhere-asFlat.md' is not in root 'D:\GitHub\yamgent\se-book'
Error while preprocessing 'D:\GitHub\yamgent\se-book\modeling\modelingStructures\classDiagramsAdvanced\index.md'
    at calculateNewBaseUrls (D:\GitHub\yamgent\markbind\src\lib\markbind\src\parser.js:43:11)
    at calculateBoilerplateFilePath (D:\GitHub\yamgent\markbind\src\lib\markbind\src\parser.js:62:32)
    at Parser._preprocess (D:\GitHub\yamgent\markbind\src\lib\markbind\src\parser.js:136:24)
    at element.children.element.children.map.e (D:\GitHub\yamgent\markbind\src\lib\markbind\src\parser.js:245:57)
    at Array.map (<anonymous>)
    at Parser._preprocess (D:\GitHub\yamgent\markbind\src\lib\markbind\src\parser.js:245:43)
    at element.children.element.children.map.e (D:\GitHub\yamgent\markbind\src\lib\markbind\src\parser.js:260:57)
    at Array.map (<anonymous>)
    at Parser._preprocess (D:\GitHub\yamgent\markbind\src\lib\markbind\src\parser.js:260:43)
    at element.children.element.children.map.e (D:\GitHub\yamgent\markbind\src\lib\markbind\src\parser.js:260:57)
    at Array.map (<anonymous>)
    at Parser._preprocess (D:\GitHub\yamgent\markbind\src\lib\markbind\src\parser.js:260:43)
    at element.children.element.children.map.e (D:\GitHub\yamgent\markbind\src\lib\markbind\src\parser.js:245:57)
    at Array.map (<anonymous>)
    at Parser._preprocess (D:\GitHub\yamgent\markbind\src\lib\markbind\src\parser.js:245:43)
    at element.children.element.children.map.e (D:\GitHub\yamgent\markbind\src\lib\markbind\src\parser.js:260:57)
2018-12-28T03:29:27.861Z - error:  Error: Path given 'D:\GitHub\yamgent\book\uml\classDiagrams\classInheritance\what\unit-inElsewhere-asFlat.md' is not in root 'D:\GitHub\yamgent\se-book'
Error while preprocessing 'D:\GitHub\yamgent\se-book\modeling\modelingStructures\classDiagramsIntermediate\index.md'
    at calculateNewBaseUrls (D:\GitHub\yamgent\markbind\src\lib\markbind\src\parser.js:43:11)
    at calculateBoilerplateFilePath (D:\GitHub\yamgent\markbind\src\lib\markbind\src\parser.js:62:32)
    at Parser._preprocess (D:\GitHub\yamgent\markbind\src\lib\markbind\src\parser.js:136:24)
    at element.children.element.children.map.e (D:\GitHub\yamgent\markbind\src\lib\markbind\src\parser.js:260:57)
    at Array.map (<anonymous>)
    at Parser._preprocess (D:\GitHub\yamgent\markbind\src\lib\markbind\src\parser.js:260:43)
    at element.children.element.children.map.e (D:\GitHub\yamgent\markbind\src\lib\markbind\src\parser.js:245:57)
    at Array.map (<anonymous>)
    at Parser._preprocess (D:\GitHub\yamgent\markbind\src\lib\markbind\src\parser.js:245:43)
    at element.children.element.children.map.e (D:\GitHub\yamgent\markbind\src\lib\markbind\src\parser.js:260:57)
    at Array.map (<anonymous>)
    at Parser._preprocess (D:\GitHub\yamgent\markbind\src\lib\markbind\src\parser.js:260:43)
    at element.children.element.children.map.e (D:\GitHub\yamgent\markbind\src\lib\markbind\src\parser.js:260:57)
    at Array.map (<anonymous>)
    at Parser._preprocess (D:\GitHub\yamgent\markbind\src\lib\markbind\src\parser.js:260:43)
    at element.children.element.children.map.e (D:\GitHub\yamgent\markbind\src\lib\markbind\src\parser.js:245:57)
2018-12-28T03:29:27.895Z - error:  Error: Path given 'D:\GitHub\yamgent\book\uml\classDiagrams\associations\labels\unit-inElsewhere-asFlat.md' is not in root 'D:\GitHub\yamgent\se-book'
Error while preprocessing 'D:\GitHub\yamgent\se-book\modeling\modelingStructures\index.md'
    at calculateNewBaseUrls (D:\GitHub\yamgent\markbind\src\lib\markbind\src\parser.js:43:11)
    at calculateBoilerplateFilePath (D:\GitHub\yamgent\markbind\src\lib\markbind\src\parser.js:62:32)
    at Parser._preprocess (D:\GitHub\yamgent\markbind\src\lib\markbind\src\parser.js:136:24)
    at element.children.element.children.map.e (D:\GitHub\yamgent\markbind\src\lib\markbind\src\parser.js:245:57)
    at Array.map (<anonymous>)
    at Parser._preprocess (D:\GitHub\yamgent\markbind\src\lib\markbind\src\parser.js:245:43)
    at element.children.element.children.map.e (D:\GitHub\yamgent\markbind\src\lib\markbind\src\parser.js:260:57)
    at Array.map (<anonymous>)
    at Parser._preprocess (D:\GitHub\yamgent\markbind\src\lib\markbind\src\parser.js:260:43)
    at element.children.element.children.map.e (D:\GitHub\yamgent\markbind\src\lib\markbind\src\parser.js:260:57)
    at Array.map (<anonymous>)
    at Parser._preprocess (D:\GitHub\yamgent\markbind\src\lib\markbind\src\parser.js:260:43)
    at element.children.element.children.map.e (D:\GitHub\yamgent\markbind\src\lib\markbind\src\parser.js:245:57)
    at Array.map (<anonymous>)
    at Parser._preprocess (D:\GitHub\yamgent\markbind\src\lib\markbind\src\parser.js:245:43)
    at element.children.element.children.map.e (D:\GitHub\yamgent\markbind\src\lib\markbind\src\parser.js:245:57)
2018-12-28T03:29:27.911Z - error:  Error: Path given 'D:\GitHub\yamgent\book\uml\objectDiagrams\introduction\unit-inElsewhere-asFlat.md' is not in root 'D:\GitHub\yamgent\se-book'
Error while preprocessing 'D:\GitHub\yamgent\se-book\modeling\modelingStructures\objectDiagrams\index.md'
    at calculateNewBaseUrls (D:\GitHub\yamgent\markbind\src\lib\markbind\src\parser.js:43:11)
    at calculateBoilerplateFilePath (D:\GitHub\yamgent\markbind\src\lib\markbind\src\parser.js:62:32)
    at Parser._preprocess (D:\GitHub\yamgent\markbind\src\lib\markbind\src\parser.js:136:24)
    at element.children.element.children.map.e (D:\GitHub\yamgent\markbind\src\lib\markbind\src\parser.js:245:57)
    at Array.map (<anonymous>)
    at Parser._preprocess (D:\GitHub\yamgent\markbind\src\lib\markbind\src\parser.js:245:43)
    at element.children.element.children.map.e (D:\GitHub\yamgent\markbind\src\lib\markbind\src\parser.js:260:57)
    at Array.map (<anonymous>)
    at Parser._preprocess (D:\GitHub\yamgent\markbind\src\lib\markbind\src\parser.js:260:43)
    at element.children.element.children.map.e (D:\GitHub\yamgent\markbind\src\lib\markbind\src\parser.js:260:57)
    at Array.map (<anonymous>)
    at Parser._preprocess (D:\GitHub\yamgent\markbind\src\lib\markbind\src\parser.js:260:43)
    at element.children.element.children.map.e (D:\GitHub\yamgent\markbind\src\lib\markbind\src\parser.js:245:57)
    at Array.map (<anonymous>)
    at Parser._preprocess (D:\GitHub\yamgent\markbind\src\lib\markbind\src\parser.js:245:43)
    at element.children.element.children.map.e (D:\GitHub\yamgent\markbind\src\lib\markbind\src\parser.js:260:57)
2018-12-28T03:29:33.358Z - error:  Error: Path given 'D:\GitHub\yamgent\book\designFundamentals\abstraction\what\unit-inElsewhere-asFlat.md' is not in root 'D:\GitHub\yamgent\se-book'
Error while preprocessing 'D:\GitHub\yamgent\se-book\common\print.md'
    at calculateNewBaseUrls (D:\GitHub\yamgent\markbind\src\lib\markbind\src\parser.js:43:11)
    at calculateBoilerplateFilePath (D:\GitHub\yamgent\markbind\src\lib\markbind\src\parser.js:62:32)
    at Parser._preprocess (D:\GitHub\yamgent\markbind\src\lib\markbind\src\parser.js:136:24)
    at element.children.element.children.map.e (D:\GitHub\yamgent\markbind\src\lib\markbind\src\parser.js:260:57)
    at Array.map (<anonymous>)
    at Parser._preprocess (D:\GitHub\yamgent\markbind\src\lib\markbind\src\parser.js:260:43)
    at element.children.element.children.map.e (D:\GitHub\yamgent\markbind\src\lib\markbind\src\parser.js:245:57)
    at Array.map (<anonymous>)
    at Parser._preprocess (D:\GitHub\yamgent\markbind\src\lib\markbind\src\parser.js:245:43)
    at element.children.element.children.map.e (D:\GitHub\yamgent\markbind\src\lib\markbind\src\parser.js:245:57)
    at Array.map (<anonymous>)
    at Parser._preprocess (D:\GitHub\yamgent\markbind\src\lib\markbind\src\parser.js:245:43)
    at element.children.element.children.map.e (D:\GitHub\yamgent\markbind\src\lib\markbind\src\parser.js:245:57)
    at Array.map (<anonymous>)
    at Parser._preprocess (D:\GitHub\yamgent\markbind\src\lib\markbind\src\parser.js:245:43)
    at element.children.element.children.map.e (D:\GitHub\yamgent\markbind\src\lib\markbind\src\parser.js:260:57)
2018-12-28T03:29:33.687Z - error:  Error: Path given 'D:\GitHub\yamgent\book\designFundamentals\abstraction\what\unit-inElsewhere-asFlat.md' is not in root 'D:\GitHub\yamgent\se-book'
Error while preprocessing 'D:\GitHub\yamgent\se-book\modeling\print.md'
    at calculateNewBaseUrls (D:\GitHub\yamgent\markbind\src\lib\markbind\src\parser.js:43:11)
    at calculateBoilerplateFilePath (D:\GitHub\yamgent\markbind\src\lib\markbind\src\parser.js:62:32)
    at Parser._preprocess (D:\GitHub\yamgent\markbind\src\lib\markbind\src\parser.js:136:24)
    at element.children.element.children.map.e (D:\GitHub\yamgent\markbind\src\lib\markbind\src\parser.js:260:57)
    at Array.map (<anonymous>)
    at Parser._preprocess (D:\GitHub\yamgent\markbind\src\lib\markbind\src\parser.js:260:43)
    at element.children.element.children.map.e (D:\GitHub\yamgent\markbind\src\lib\markbind\src\parser.js:245:57)
    at Array.map (<anonymous>)
    at Parser._preprocess (D:\GitHub\yamgent\markbind\src\lib\markbind\src\parser.js:245:43)
    at element.children.element.children.map.e (D:\GitHub\yamgent\markbind\src\lib\markbind\src\parser.js:245:57)
    at Array.map (<anonymous>)
    at Parser._preprocess (D:\GitHub\yamgent\markbind\src\lib\markbind\src\parser.js:245:43)
    at element.children.element.children.map.e (D:\GitHub\yamgent\markbind\src\lib\markbind\src\parser.js:260:57)
    at Array.map (<anonymous>)
    at Parser._preprocess (D:\GitHub\yamgent\markbind\src\lib\markbind\src\parser.js:260:43)
    at element.children.element.children.map.e (D:\GitHub\yamgent\markbind\src\lib\markbind\src\parser.js:260:57)
2018-12-28T03:29:45.425Z - error:  Error: Path given 'D:\GitHub\yamgent\book\uml\classDiagrams\associations\labels\unit-inElsewhere-asFlat.md' is not in root 'D:\GitHub\yamgent\se-book'
Error while preprocessing 'D:\GitHub\yamgent\se-book\_markbind\boilerplates\unit-inElsewhere-asFlat.md'
    at calculateNewBaseUrls (D:\GitHub\yamgent\markbind\src\lib\markbind\src\parser.js:43:11)
    at calculateBoilerplateFilePath (D:\GitHub\yamgent\markbind\src\lib\markbind\src\parser.js:62:32)
    at Parser._preprocess (D:\GitHub\yamgent\markbind\src\lib\markbind\src\parser.js:136:24)
    at element.children.element.children.map.e (D:\GitHub\yamgent\markbind\src\lib\markbind\src\parser.js:245:57)
    at Array.map (<anonymous>)
    at Parser._preprocess (D:\GitHub\yamgent\markbind\src\lib\markbind\src\parser.js:245:43)
    at element.children.element.children.map.e (D:\GitHub\yamgent\markbind\src\lib\markbind\src\parser.js:260:57)
    at Array.map (<anonymous>)
    at Parser._preprocess (D:\GitHub\yamgent\markbind\src\lib\markbind\src\parser.js:260:43)
    at element.children.element.children.map.e (D:\GitHub\yamgent\markbind\src\lib\markbind\src\parser.js:260:57)
    at Array.map (<anonymous>)
    at Parser._preprocess (D:\GitHub\yamgent\markbind\src\lib\markbind\src\parser.js:260:43)
    at dom.map (D:\GitHub\yamgent\markbind\src\lib\markbind\src\parser.js:360:28)
    at Array.map (<anonymous>)
    at DomHandler.htmlparser.DomHandler [as _callback] (D:\GitHub\yamgent\markbind\src\lib\markbind\src\parser.js:357:25)
    at DomHandler._handleCallback.DomHandler.onerror (D:\GitHub\yamgent\markbind\node_modules\domhandler\index.js:52:8)
2018-12-28T03:29:45.433Z - error:  Error: Path given 'D:\GitHub\yamgent\book\uml\classDiagrams\classInheritance\what\unit-inElsewhere-asFlat.md' is not in root 'D:\GitHub\yamgent\se-book'
Error while preprocessing 'D:\GitHub\yamgent\se-book\_markbind\boilerplates\unit-inElsewhere-asFlat.md'
    at calculateNewBaseUrls (D:\GitHub\yamgent\markbind\src\lib\markbind\src\parser.js:43:11)
    at calculateBoilerplateFilePath (D:\GitHub\yamgent\markbind\src\lib\markbind\src\parser.js:62:32)
    at Parser._preprocess (D:\GitHub\yamgent\markbind\src\lib\markbind\src\parser.js:136:24)
    at element.children.element.children.map.e (D:\GitHub\yamgent\markbind\src\lib\markbind\src\parser.js:260:57)
    at Array.map (<anonymous>)
    at Parser._preprocess (D:\GitHub\yamgent\markbind\src\lib\markbind\src\parser.js:260:43)
    at element.children.element.children.map.e (D:\GitHub\yamgent\markbind\src\lib\markbind\src\parser.js:245:57)
    at Array.map (<anonymous>)
    at Parser._preprocess (D:\GitHub\yamgent\markbind\src\lib\markbind\src\parser.js:245:43)
    at element.children.element.children.map.e (D:\GitHub\yamgent\markbind\src\lib\markbind\src\parser.js:260:57)
    at Array.map (<anonymous>)
    at Parser._preprocess (D:\GitHub\yamgent\markbind\src\lib\markbind\src\parser.js:260:43)
    at element.children.element.children.map.e (D:\GitHub\yamgent\markbind\src\lib\markbind\src\parser.js:260:57)
    at Array.map (<anonymous>)
    at Parser._preprocess (D:\GitHub\yamgent\markbind\src\lib\markbind\src\parser.js:260:43)
    at dom.map (D:\GitHub\yamgent\markbind\src\lib\markbind\src\parser.js:360:28)
2018-12-28T03:29:45.825Z - error:  Error: Path given 'D:\GitHub\yamgent\book\uml\objectDiagrams\introduction\unit-inElsewhere-asFlat.md' is not in root 'D:\GitHub\yamgent\se-book'
Error while preprocessing 'D:\GitHub\yamgent\se-book\_markbind\boilerplates\unit-inElsewhere-asFlat.md'
    at calculateNewBaseUrls (D:\GitHub\yamgent\markbind\src\lib\markbind\src\parser.js:43:11)
    at calculateBoilerplateFilePath (D:\GitHub\yamgent\markbind\src\lib\markbind\src\parser.js:62:32)
    at Parser._preprocess (D:\GitHub\yamgent\markbind\src\lib\markbind\src\parser.js:136:24)
    at element.children.element.children.map.e (D:\GitHub\yamgent\markbind\src\lib\markbind\src\parser.js:245:57)
    at Array.map (<anonymous>)
    at Parser._preprocess (D:\GitHub\yamgent\markbind\src\lib\markbind\src\parser.js:245:43)
    at element.children.element.children.map.e (D:\GitHub\yamgent\markbind\src\lib\markbind\src\parser.js:260:57)
    at Array.map (<anonymous>)
    at Parser._preprocess (D:\GitHub\yamgent\markbind\src\lib\markbind\src\parser.js:260:43)
    at element.children.element.children.map.e (D:\GitHub\yamgent\markbind\src\lib\markbind\src\parser.js:260:57)
    at Array.map (<anonymous>)
    at Parser._preprocess (D:\GitHub\yamgent\markbind\src\lib\markbind\src\parser.js:260:43)
    at dom.map (D:\GitHub\yamgent\markbind\src\lib\markbind\src\parser.js:360:28)
    at Array.map (<anonymous>)
    at DomHandler.htmlparser.DomHandler [as _callback] (D:\GitHub\yamgent\markbind\src\lib\markbind\src\parser.js:357:25)
    at DomHandler._handleCallback.DomHandler.onerror (D:\GitHub\yamgent\markbind\node_modules\domhandler\index.js:52:8)
2018-12-28T03:29:46.259Z - error:  Error: Path given 'D:\GitHub\yamgent\book\designFundamentals\abstraction\what\unit-inElsewhere-asFlat.md' is not in root 'D:\GitHub\yamgent\se-book'
Error while preprocessing 'D:\GitHub\yamgent\se-book\_markbind\boilerplates\unit-inElsewhere-asFlat.md'
    at calculateNewBaseUrls (D:\GitHub\yamgent\markbind\src\lib\markbind\src\parser.js:43:11)
    at calculateBoilerplateFilePath (D:\GitHub\yamgent\markbind\src\lib\markbind\src\parser.js:62:32)
    at Parser._preprocess (D:\GitHub\yamgent\markbind\src\lib\markbind\src\parser.js:136:24)
    at element.children.element.children.map.e (D:\GitHub\yamgent\markbind\src\lib\markbind\src\parser.js:260:57)
    at Array.map (<anonymous>)
    at Parser._preprocess (D:\GitHub\yamgent\markbind\src\lib\markbind\src\parser.js:260:43)
    at element.children.element.children.map.e (D:\GitHub\yamgent\markbind\src\lib\markbind\src\parser.js:245:57)
    at Array.map (<anonymous>)
    at Parser._preprocess (D:\GitHub\yamgent\markbind\src\lib\markbind\src\parser.js:245:43)
    at element.children.element.children.map.e (D:\GitHub\yamgent\markbind\src\lib\markbind\src\parser.js:260:57)
    at Array.map (<anonymous>)
    at Parser._preprocess (D:\GitHub\yamgent\markbind\src\lib\markbind\src\parser.js:260:43)
    at element.children.element.children.map.e (D:\GitHub\yamgent\markbind\src\lib\markbind\src\parser.js:260:57)
    at Array.map (<anonymous>)
    at Parser._preprocess (D:\GitHub\yamgent\markbind\src\lib\markbind\src\parser.js:260:43)
    at dom.map (D:\GitHub\yamgent\markbind\src\lib\markbind\src\parser.js:360:28)
2018-12-28T03:29:46.265Z - error:  Error: No such file: D:\GitHub\yamgent\book\architecture\architectureDiagrams\reading\text.md
Missing reference in D:\GitHub\yamgent\se-book\modeling\introduction\how\text.md
    at Parser._preprocess (D:\GitHub\yamgent\markbind\src\lib\markbind\src\parser.js:145:21)
    at element.children.element.children.map.e (D:\GitHub\yamgent\markbind\src\lib\markbind\src\parser.js:260:57)
    at Array.map (<anonymous>)
    at Parser._preprocess (D:\GitHub\yamgent\markbind\src\lib\markbind\src\parser.js:260:43)
    at element.children.element.children.map.e (D:\GitHub\yamgent\markbind\src\lib\markbind\src\parser.js:245:57)
    at Array.map (<anonymous>)
    at Parser._preprocess (D:\GitHub\yamgent\markbind\src\lib\markbind\src\parser.js:245:43)
    at element.children.element.children.map.e (D:\GitHub\yamgent\markbind\src\lib\markbind\src\parser.js:260:57)
    at Array.map (<anonymous>)
    at Parser._preprocess (D:\GitHub\yamgent\markbind\src\lib\markbind\src\parser.js:260:43)
    at element.children.element.children.map.e (D:\GitHub\yamgent\markbind\src\lib\markbind\src\parser.js:260:57)
    at Array.map (<anonymous>)
    at Parser._preprocess (D:\GitHub\yamgent\markbind\src\lib\markbind\src\parser.js:260:43)
    at dom.map (D:\GitHub\yamgent\markbind\src\lib\markbind\src\parser.js:360:28)
    at Array.map (<anonymous>)
    at DomHandler.htmlparser.DomHandler [as _callback] (D:\GitHub\yamgent\markbind\src\lib\markbind\src\parser.js:357:25)
2018-12-28T03:29:46.278Z - error:  Error: Path given 'D:\GitHub\yamgent\book\uml\classDiagrams\associationClasses\what\unit-inElsewhere-asFlat.md' is not in root 'D:\GitHub\yamgent\se-book'
Error while preprocessing 'D:\GitHub\yamgent\se-book\_markbind\boilerplates\unit-inElsewhere-asFlat.md'
    at calculateNewBaseUrls (D:\GitHub\yamgent\markbind\src\lib\markbind\src\parser.js:43:11)
    at calculateBoilerplateFilePath (D:\GitHub\yamgent\markbind\src\lib\markbind\src\parser.js:62:32)
    at Parser._preprocess (D:\GitHub\yamgent\markbind\src\lib\markbind\src\parser.js:136:24)
    at element.children.element.children.map.e (D:\GitHub\yamgent\markbind\src\lib\markbind\src\parser.js:245:57)
    at Array.map (<anonymous>)
    at Parser._preprocess (D:\GitHub\yamgent\markbind\src\lib\markbind\src\parser.js:245:43)
    at element.children.element.children.map.e (D:\GitHub\yamgent\markbind\src\lib\markbind\src\parser.js:260:57)
    at Array.map (<anonymous>)
    at Parser._preprocess (D:\GitHub\yamgent\markbind\src\lib\markbind\src\parser.js:260:43)
    at element.children.element.children.map.e (D:\GitHub\yamgent\markbind\src\lib\markbind\src\parser.js:260:57)
    at Array.map (<anonymous>)
    at Parser._preprocess (D:\GitHub\yamgent\markbind\src\lib\markbind\src\parser.js:260:43)
    at dom.map (D:\GitHub\yamgent\markbind\src\lib\markbind\src\parser.js:360:28)
    at Array.map (<anonymous>)
    at DomHandler.htmlparser.DomHandler [as _callback] (D:\GitHub\yamgent\markbind\src\lib\markbind\src\parser.js:357:25)
    at DomHandler._handleCallback.DomHandler.onerror (D:\GitHub\yamgent\markbind\node_modules\domhandler\index.js:52:8)
2018-12-28T03:29:59.313Z - info: Pages built
2018-12-28T03:29:59.364Z - info: Site data built
2018-12-28T03:29:59.364Z - info: Website generation complete! Total build time: 41.02s
2018-12-28T03:29:59.374Z - info: Generate Site durationMs=41029
2018-12-28T03:29:59.462Z - info: Serving "D:\GitHub\yamgent\se-book\_site" at http://127.0.0.1:8080
2018-12-28T03:29:59.462Z - info: Press CTRL+C to stop ...
2018-12-28T03:30:50.184Z - info: [11:30:50] Reload for file change: D:\GitHub\yamgent\se-book\_markbind\layouts\default\scripts.js
2018-12-28T03:30:51.244Z - info: Assets built
2018-12-28T03:33:29.994Z - info: Deployed!
2018-12-28T03:34:26.260Z - info: Website generation started at 11:34:25
2018-12-28T03:34:28.002Z - info: Building assets...
